INFO  === Guardiola - Tratado nobleza.pdf | DPI=300 | layout=AUTO ===
INFO  Converting PDF → images at 300 DPI: /home/cxv166/OCR/Print 2/Guardiola - Tratado nobleza.pdf
INFO    311 PDF pages, first page size = (2550, 3301)
INFO  PDF page 1/311 [SINGLE]
INFO    [p001] Saved colour crop
INFO    → p001: OK
INFO  PDF page 2/311 [SINGLE]
INFO    [p002] Saved colour crop
INFO    → p002: OK
INFO  PDF page 3/311 [SINGLE]
INFO    [p003] Saved colour crop
INFO    → p003: OK
INFO  PDF page 4/311 [SINGLE]
INFO    [p004] Saved colour crop
INFO    → p004: OK
INFO  PDF page 5/311 [SINGLE]
INFO    [p005] Saved colour crop
INFO    → p005: OK
INFO  PDF page 6/311 [SINGLE]
INFO    [p006] Saved colour crop
INFO    → p006: OK
INFO  PDF page 7/311 [SINGLE]
INFO    [p007] Saved colour crop
INFO    → p007: OK
INFO  PDF page 8/311 [SINGLE]
INFO    [p008] Saved colour crop
INFO    → p008: OK
INFO  PDF page 9/311 [SINGLE]
INFO    [p009] Saved colour crop
INFO    → p009: OK
INFO  PDF page 10/311 [SINGLE]
INFO    [p010] Saved colour crop
INFO    → p010: OK
INFO  PDF page 11/311 [SINGLE]
INFO    [p011] Saved colour crop
INFO    → p011: OK
INFO  PDF page 12/311 [SINGLE]
INFO    [p012] Saved colour crop
INFO    → p012: OK
INFO  PDF page 13/311 [SINGLE]
INFO    [p013] Saved colour crop
INFO    → p013: OK
INFO  PDF page 14/311 [SINGLE]
INFO    [p014] Saved colour crop
INFO    → p014: OK
INFO  PDF page 15/311 [SINGLE]
INFO    [p015] Saved colour crop
INFO    → p015: OK
INFO  PDF page 16/311 [SINGLE]
INFO    [p016] Saved colour crop
INFO    → p016: OK
INFO  PDF page 17/311 [SINGLE]
INFO    [p017] Saved colour crop
INFO    → p017: OK
INFO  PDF page 18/311 [SINGLE]
INFO    [p018] Saved colour crop
INFO    → p018: OK
INFO  PDF page 19/311 [SINGLE]
INFO    [p019] Saved colour crop
INFO    → p019: OK
INFO  PDF page 20/311 [SINGLE]
INFO    [p020] Saved colour crop
INFO    → p020: OK
INFO  PDF page 21/311 [SINGLE]
INFO    [p021] Saved colour crop
INFO    → p021: OK
INFO  PDF page 22/311 [SINGLE]
INFO    [p022] Saved colour crop
INFO    → p022: OK
INFO  PDF page 23/311 [SINGLE]
INFO    [p023] Saved colour crop
INFO    → p023: OK
INFO  PDF page 24/311 [SINGLE]
INFO    [p024] Saved colour crop
INFO    → p024: OK
INFO  PDF page 25/311 [SINGLE]
INFO    [p025] Saved colour crop
INFO    → p025: OK
INFO  PDF page 26/311 [SINGLE]
INFO    [p026] Saved colour crop
INFO    → p026: OK
INFO  PDF page 27/311 [SINGLE]
INFO    [p027] Saved colour crop
INFO    → p027: OK
INFO  PDF page 28/311 [SINGLE]
INFO    [p028] Saved colour crop
INFO    → p028: OK
INFO  PDF page 29/311 [SINGLE]
INFO    [p029] Saved colour crop
INFO    → p029: OK
INFO  PDF page 30/311 [SINGLE]
INFO    [p030] Saved colour crop
INFO    → p030: OK
INFO  PDF page 31/311 [SINGLE]
INFO    [p031] Saved colour crop
INFO    → p031: OK
INFO  PDF page 32/311 [SINGLE]
INFO    [p032] Saved colour crop
INFO    → p032: OK
INFO  PDF page 33/311 [SINGLE]
INFO    [p033] Saved colour crop
INFO    → p033: OK
INFO  PDF page 34/311 [SINGLE]
INFO    [p034] Saved colour crop
INFO    → p034: OK
INFO  PDF page 35/311 [SINGLE]
INFO    [p035] Saved colour crop
INFO    → p035: OK
INFO  PDF page 36/311 [SINGLE]
INFO    [p036] Saved colour crop
INFO    → p036: OK
INFO  PDF page 37/311 [SINGLE]
INFO    [p037] Saved colour crop
INFO    → p037: OK
INFO  PDF page 38/311 [SINGLE]
INFO    [p038] Saved colour crop
INFO    → p038: OK
INFO  PDF page 39/311 [SINGLE]
INFO    [p039] Saved colour crop
INFO    → p039: OK
INFO  PDF page 40/311 [SINGLE]
INFO    [p040] Saved colour crop
INFO    → p040: OK
INFO  PDF page 41/311 [SINGLE]
INFO    [p041] Saved colour crop
INFO    → p041: OK
INFO  PDF page 42/311 [SINGLE]
INFO    [p042] Saved colour crop
INFO    → p042: OK
INFO  PDF page 43/311 [SINGLE]
INFO    [p043] Saved colour crop
INFO    → p043: OK
INFO  PDF page 44/311 [SINGLE]
INFO    [p044] Saved colour crop
INFO    → p044: OK
INFO  PDF page 45/311 [SINGLE]
INFO    [p045] Saved colour crop
INFO    → p045: OK
INFO  PDF page 46/311 [SINGLE]
INFO    [p046] Saved colour crop
INFO    → p046: OK
INFO  PDF page 47/311 [SINGLE]
